{"D:\\namaste react\\Jo dhikta hai vo bikta hai\\src\\components\\Header.js": {"path":"D:\\namaste react\\Jo dhikta hai vo bikta hai\\src\\components\\Header.js","statementMap":{"0":{"start":{"line":9,"column":15},"end":{"line":35,"column":1}},"1":{"start":{"line":11,"column":21},"end":{"line":11,"column":34}},"2":{"start":{"line":13,"column":21},"end":{"line":13,"column":44}},"3":{"start":{"line":15,"column":22},"end":{"line":15,"column":62}},"4":{"start":{"line":15,"column":45},"end":{"line":15,"column":61}},"5":{"start":{"line":17,"column":4},"end":{"line":34,"column":5}}},"fnMap":{"0":{"name":"(anonymous_0)","decl":{"start":{"line":9,"column":15},"end":{"line":9,"column":16}},"loc":{"start":{"line":9,"column":21},"end":{"line":35,"column":1}},"line":9},"1":{"name":"(anonymous_1)","decl":{"start":{"line":15,"column":34},"end":{"line":15,"column":35}},"loc":{"start":{"line":15,"column":45},"end":{"line":15,"column":61}},"line":15}},"branchMap":{"0":{"loc":{"start":{"line":31,"column":17},"end":{"line":31,"column":55}},"type":"cond-expr","locations":[{"start":{"line":31,"column":30},"end":{"line":31,"column":41}},{"start":{"line":31,"column":44},"end":{"line":31,"column":55}}],"line":31}},"s":{"0":1,"1":3,"2":3,"3":3,"4":3,"5":3},"f":{"0":3,"1":3},"b":{"0":[3,0]},"_coverageSchema":"1a1c01bbd47fc00a2c39e90264f33305004495a9","hash":"3606c0a24a3711cef6b9dd98f0f01c23f2fa1a7e"}
,"D:\\namaste react\\Jo dhikta hai vo bikta hai\\src\\components\\sum.js": {"path":"D:\\namaste react\\Jo dhikta hai vo bikta hai\\src\\components\\sum.js","statementMap":{"0":{"start":{"line":1,"column":19},"end":{"line":3,"column":1}},"1":{"start":{"line":2,"column":4},"end":{"line":2,"column":16}}},"fnMap":{"0":{"name":"(anonymous_0)","decl":{"start":{"line":1,"column":19},"end":{"line":1,"column":20}},"loc":{"start":{"line":1,"column":29},"end":{"line":3,"column":1}},"line":1}},"branchMap":{},"s":{"0":1,"1":1},"f":{"0":1},"b":{},"_coverageSchema":"1a1c01bbd47fc00a2c39e90264f33305004495a9","hash":"9289c4ffc602cafffee30a25ad09ee0ab38b7c82"}
,"D:\\namaste react\\Jo dhikta hai vo bikta hai\\utils\\UserContext.js": {"path":"D:\\namaste react\\Jo dhikta hai vo bikta hai\\utils\\UserContext.js","statementMap":{"0":{"start":{"line":1,"column":26},"end":{"line":1,"column":42}},"1":{"start":{"line":3,"column":20},"end":{"line":8,"column":2}},"2":{"start":{"line":10,"column":0},"end":{"line":10,"column":37}}},"fnMap":{},"branchMap":{},"s":{"0":1,"1":1,"2":1},"f":{},"b":{},"_coverageSchema":"1a1c01bbd47fc00a2c39e90264f33305004495a9","hash":"3f2dbadc6c35e7ef151c070387a638647c720684"}
,"D:\\namaste react\\Jo dhikta hai vo bikta hai\\utils\\cartSlice.js": {"path":"D:\\namaste react\\Jo dhikta hai vo bikta hai\\utils\\cartSlice.js","statementMap":{"0":{"start":{"line":4,"column":18},"end":{"line":21,"column":2}},"1":{"start":{"line":11,"column":12},"end":{"line":11,"column":44}},"2":{"start":{"line":14,"column":12},"end":{"line":14,"column":28}},"3":{"start":{"line":17,"column":23},"end":{"line":17,"column":37}},"4":{"start":{"line":18,"column":12},"end":{"line":18,"column":75}},"5":{"start":{"line":18,"column":55},"end":{"line":18,"column":74}},"6":{"start":{"line":24,"column":52},"end":{"line":24,"column":69}}},"fnMap":{"0":{"name":"(anonymous_0)","decl":{"start":{"line":10,"column":18},"end":{"line":10,"column":19}},"loc":{"start":{"line":10,"column":37},"end":{"line":12,"column":9}},"line":10},"1":{"name":"(anonymous_1)","decl":{"start":{"line":13,"column":20},"end":{"line":13,"column":21}},"loc":{"start":{"line":13,"column":39},"end":{"line":15,"column":9}},"line":13},"2":{"name":"(anonymous_2)","decl":{"start":{"line":16,"column":20},"end":{"line":16,"column":21}},"loc":{"start":{"line":16,"column":39},"end":{"line":19,"column":9}},"line":16},"3":{"name":"(anonymous_3)","decl":{"start":{"line":18,"column":45},"end":{"line":18,"column":46}},"loc":{"start":{"line":18,"column":55},"end":{"line":18,"column":74}},"line":18}},"branchMap":{},"s":{"0":1,"1":0,"2":0,"3":0,"4":0,"5":0,"6":1},"f":{"0":0,"1":0,"2":0,"3":0},"b":{},"_coverageSchema":"1a1c01bbd47fc00a2c39e90264f33305004495a9","hash":"4f93ef14a81f7b9f919c7492ce2daeebef116f32"}
,"D:\\namaste react\\Jo dhikta hai vo bikta hai\\utils\\constants.js": {"path":"D:\\namaste react\\Jo dhikta hai vo bikta hai\\utils\\constants.js","statementMap":{"0":{"start":{"line":1,"column":23},"end":{"line":1,"column":124}},"1":{"start":{"line":2,"column":22},"end":{"line":2,"column":131}},"2":{"start":{"line":3,"column":30},"end":{"line":3,"column":121}},"3":{"start":{"line":4,"column":27},"end":{"line":4,"column":150}}},"fnMap":{},"branchMap":{},"s":{"0":1,"1":1,"2":1,"3":1},"f":{},"b":{},"_coverageSchema":"1a1c01bbd47fc00a2c39e90264f33305004495a9","hash":"b3f49096b5a2cdca6fd1c9667d04028569cfa66c"}
,"D:\\namaste react\\Jo dhikta hai vo bikta hai\\utils\\reduxStore.js": {"path":"D:\\namaste react\\Jo dhikta hai vo bikta hai\\utils\\reduxStore.js","statementMap":{"0":{"start":{"line":5,"column":14},"end":{"line":9,"column":2}}},"fnMap":{},"branchMap":{},"s":{"0":1},"f":{},"b":{},"_coverageSchema":"1a1c01bbd47fc00a2c39e90264f33305004495a9","hash":"b483878a8dd8a4bed7ca321151cf57efe96162ae"}
,"D:\\namaste react\\Jo dhikta hai vo bikta hai\\utils\\useIsOnline.js": {"path":"D:\\namaste react\\Jo dhikta hai vo bikta hai\\utils\\useIsOnline.js","statementMap":{"0":{"start":{"line":3,"column":20},"end":{"line":28,"column":1}},"1":{"start":{"line":5,"column":36},"end":{"line":5,"column":50}},"2":{"start":{"line":7,"column":21},"end":{"line":9,"column":5}},"3":{"start":{"line":8,"column":8},"end":{"line":8,"column":25}},"4":{"start":{"line":11,"column":22},"end":{"line":13,"column":5}},"5":{"start":{"line":12,"column":8},"end":{"line":12,"column":26}},"6":{"start":{"line":15,"column":4},"end":{"line":25,"column":10}},"7":{"start":{"line":16,"column":8},"end":{"line":16,"column":51}},"8":{"start":{"line":18,"column":8},"end":{"line":18,"column":53}},"9":{"start":{"line":20,"column":8},"end":{"line":23,"column":10}},"10":{"start":{"line":21,"column":12},"end":{"line":21,"column":58}},"11":{"start":{"line":22,"column":12},"end":{"line":22,"column":60}},"12":{"start":{"line":27,"column":4},"end":{"line":27,"column":19}}},"fnMap":{"0":{"name":"(anonymous_0)","decl":{"start":{"line":3,"column":20},"end":{"line":3,"column":21}},"loc":{"start":{"line":3,"column":26},"end":{"line":28,"column":1}},"line":3},"1":{"name":"(anonymous_1)","decl":{"start":{"line":7,"column":21},"end":{"line":7,"column":22}},"loc":{"start":{"line":7,"column":27},"end":{"line":9,"column":5}},"line":7},"2":{"name":"(anonymous_2)","decl":{"start":{"line":11,"column":22},"end":{"line":11,"column":23}},"loc":{"start":{"line":11,"column":28},"end":{"line":13,"column":5}},"line":11},"3":{"name":"(anonymous_3)","decl":{"start":{"line":15,"column":14},"end":{"line":15,"column":15}},"loc":{"start":{"line":15,"column":20},"end":{"line":25,"column":5}},"line":15},"4":{"name":"(anonymous_4)","decl":{"start":{"line":20,"column":16},"end":{"line":20,"column":17}},"loc":{"start":{"line":20,"column":22},"end":{"line":23,"column":9}},"line":20}},"branchMap":{},"s":{"0":1,"1":3,"2":3,"3":0,"4":3,"5":0,"6":3,"7":3,"8":3,"9":3,"10":3,"11":3,"12":3},"f":{"0":3,"1":0,"2":0,"3":3,"4":3},"b":{},"_coverageSchema":"1a1c01bbd47fc00a2c39e90264f33305004495a9","hash":"02bb15bdc9f949fd495cb2b7a045311e9ad72c55"}
}
