{"D:\\namaste react\\Jo dhikta hai vo bikta hai\\mocks\\dummyResData.js": {"path":"D:\\namaste react\\Jo dhikta hai vo bikta hai\\mocks\\dummyResData.js","statementMap":{"0":{"start":{"line":1,"column":30},"end":{"line":2769,"column":1}}},"fnMap":{},"branchMap":{},"s":{"0":1},"f":{},"b":{},"_coverageSchema":"1a1c01bbd47fc00a2c39e90264f33305004495a9","hash":"919c139262487da6480355fd7ce9fb3cf4d70d08"}
,"D:\\namaste react\\Jo dhikta hai vo bikta hai\\mocks\\dummyResMenu.js": {"path":"D:\\namaste react\\Jo dhikta hai vo bikta hai\\mocks\\dummyResMenu.js","statementMap":{"0":{"start":{"line":1,"column":30},"end":{"line":24122,"column":1}}},"fnMap":{},"branchMap":{},"s":{"0":1},"f":{},"b":{},"_coverageSchema":"1a1c01bbd47fc00a2c39e90264f33305004495a9","hash":"b214126ad7e8bb0d74003c9b44fc25c06667aca8"}
,"D:\\namaste react\\Jo dhikta hai vo bikta hai\\src\\components\\Body.js": {"path":"D:\\namaste react\\Jo dhikta hai vo bikta hai\\src\\components\\Body.js","statementMap":{"0":{"start":{"line":11,"column":13},"end":{"line":46,"column":1}},"1":{"start":{"line":13,"column":28},"end":{"line":13,"column":40}},"2":{"start":{"line":15,"column":36},"end":{"line":15,"column":48}},"3":{"start":{"line":17,"column":34},"end":{"line":17,"column":57}},"4":{"start":{"line":19,"column":4},"end":{"line":45,"column":5}},"5":{"start":{"line":23,"column":185},"end":{"line":23,"column":208}},"6":{"start":{"line":24,"column":128},"end":{"line":24,"column":163}},"7":{"start":{"line":27,"column":175},"end":{"line":27,"column":221}},"8":{"start":{"line":30,"column":104},"end":{"line":30,"column":135}},"9":{"start":{"line":36,"column":52},"end":{"line":36,"column":185}}},"fnMap":{"0":{"name":"(anonymous_0)","decl":{"start":{"line":11,"column":13},"end":{"line":11,"column":14}},"loc":{"start":{"line":11,"column":19},"end":{"line":46,"column":1}},"line":11},"1":{"name":"(anonymous_1)","decl":{"start":{"line":23,"column":178},"end":{"line":23,"column":179}},"loc":{"start":{"line":23,"column":185},"end":{"line":23,"column":208}},"line":23},"2":{"name":"(anonymous_2)","decl":{"start":{"line":24,"column":122},"end":{"line":24,"column":123}},"loc":{"start":{"line":24,"column":128},"end":{"line":24,"column":163}},"line":24},"3":{"name":"(anonymous_3)","decl":{"start":{"line":27,"column":168},"end":{"line":27,"column":169}},"loc":{"start":{"line":27,"column":175},"end":{"line":27,"column":221}},"line":27},"4":{"name":"(anonymous_4)","decl":{"start":{"line":30,"column":98},"end":{"line":30,"column":99}},"loc":{"start":{"line":30,"column":104},"end":{"line":30,"column":135}},"line":30},"5":{"name":"(anonymous_5)","decl":{"start":{"line":36,"column":35},"end":{"line":36,"column":36}},"loc":{"start":{"line":36,"column":52},"end":{"line":36,"column":185}},"line":36}},"branchMap":{"0":{"loc":{"start":{"line":34,"column":16},"end":{"line":41,"column":31}},"type":"cond-expr","locations":[{"start":{"line":34,"column":38},"end":{"line":39,"column":29}},{"start":{"line":41,"column":20},"end":{"line":41,"column":31}}],"line":34},"1":{"loc":{"start":{"line":34,"column":38},"end":{"line":39,"column":29}},"type":"cond-expr","locations":[{"start":{"line":35,"column":20},"end":{"line":37,"column":26}},{"start":{"line":39,"column":20},"end":{"line":39,"column":29}}],"line":34}},"s":{"0":1,"1":8,"2":7,"3":7,"4":7,"5":1,"6":1,"7":0,"8":0,"9":47},"f":{"0":8,"1":1,"2":1,"3":0,"4":0,"5":47},"b":{"0":[4,3],"1":[4,0]},"_coverageSchema":"1a1c01bbd47fc00a2c39e90264f33305004495a9","hash":"5a5fd5ab1b90989662e5fea61c115057afefe2bd"}
,"D:\\namaste react\\Jo dhikta hai vo bikta hai\\src\\components\\Header.js": {"path":"D:\\namaste react\\Jo dhikta hai vo bikta hai\\src\\components\\Header.js","statementMap":{"0":{"start":{"line":9,"column":15},"end":{"line":35,"column":1}},"1":{"start":{"line":11,"column":21},"end":{"line":11,"column":34}},"2":{"start":{"line":13,"column":21},"end":{"line":13,"column":44}},"3":{"start":{"line":15,"column":22},"end":{"line":15,"column":62}},"4":{"start":{"line":15,"column":45},"end":{"line":15,"column":61}},"5":{"start":{"line":17,"column":4},"end":{"line":34,"column":5}}},"fnMap":{"0":{"name":"(anonymous_0)","decl":{"start":{"line":9,"column":15},"end":{"line":9,"column":16}},"loc":{"start":{"line":9,"column":21},"end":{"line":35,"column":1}},"line":9},"1":{"name":"(anonymous_1)","decl":{"start":{"line":15,"column":34},"end":{"line":15,"column":35}},"loc":{"start":{"line":15,"column":45},"end":{"line":15,"column":61}},"line":15}},"branchMap":{"0":{"loc":{"start":{"line":31,"column":17},"end":{"line":31,"column":55}},"type":"cond-expr","locations":[{"start":{"line":31,"column":30},"end":{"line":31,"column":41}},{"start":{"line":31,"column":44},"end":{"line":31,"column":55}}],"line":31}},"s":{"0":2,"1":5,"2":5,"3":5,"4":6,"5":5},"f":{"0":5,"1":6},"b":{"0":[5,0]},"_coverageSchema":"1a1c01bbd47fc00a2c39e90264f33305004495a9","hash":"3606c0a24a3711cef6b9dd98f0f01c23f2fa1a7e"}
,"D:\\namaste react\\Jo dhikta hai vo bikta hai\\src\\components\\NoRes.js": {"path":"D:\\namaste react\\Jo dhikta hai vo bikta hai\\src\\components\\NoRes.js","statementMap":{"0":{"start":{"line":1,"column":14},"end":{"line":7,"column":1}},"1":{"start":{"line":2,"column":4},"end":{"line":6,"column":5}}},"fnMap":{"0":{"name":"(anonymous_0)","decl":{"start":{"line":1,"column":14},"end":{"line":1,"column":15}},"loc":{"start":{"line":1,"column":20},"end":{"line":7,"column":1}},"line":1}},"branchMap":{},"s":{"0":1,"1":0},"f":{"0":0},"b":{},"_coverageSchema":"1a1c01bbd47fc00a2c39e90264f33305004495a9","hash":"b86dbdf2ad71504bd0171b8238fb1db2ed83498a"}
,"D:\\namaste react\\Jo dhikta hai vo bikta hai\\src\\components\\ResCard.js": {"path":"D:\\namaste react\\Jo dhikta hai vo bikta hai\\src\\components\\ResCard.js","statementMap":{"0":{"start":{"line":3,"column":16},"end":{"line":15,"column":1}},"1":{"start":{"line":4,"column":24},"end":{"line":4,"column":29}},"2":{"start":{"line":5,"column":90},"end":{"line":5,"column":97}},"3":{"start":{"line":6,"column":4},"end":{"line":14,"column":5}}},"fnMap":{"0":{"name":"(anonymous_0)","decl":{"start":{"line":3,"column":16},"end":{"line":3,"column":17}},"loc":{"start":{"line":3,"column":27},"end":{"line":15,"column":1}},"line":3}},"branchMap":{},"s":{"0":1,"1":47,"2":47,"3":47},"f":{"0":47},"b":{},"_coverageSchema":"1a1c01bbd47fc00a2c39e90264f33305004495a9","hash":"3584b20d9f957eba33979df20198ff736f777cf8"}
,"D:\\namaste react\\Jo dhikta hai vo bikta hai\\src\\components\\ResturantMenu.js": {"path":"D:\\namaste react\\Jo dhikta hai vo bikta hai\\src\\components\\ResturantMenu.js","statementMap":{"0":{"start":{"line":8,"column":17},"end":{"line":25,"column":1}},"1":{"start":{"line":9,"column":25},"end":{"line":9,"column":30}},"2":{"start":{"line":10,"column":33},"end":{"line":10,"column":41}},"3":{"start":{"line":12,"column":21},"end":{"line":12,"column":34}},"4":{"start":{"line":15,"column":8},"end":{"line":15,"column":36}},"5":{"start":{"line":18,"column":4},"end":{"line":24,"column":5}},"6":{"start":{"line":21,"column":35},"end":{"line":21,"column":338}},"7":{"start":{"line":21,"column":287},"end":{"line":21,"column":312}},"8":{"start":{"line":27,"column":22},"end":{"line":48,"column":1}},"9":{"start":{"line":29,"column":19},"end":{"line":29,"column":30}},"10":{"start":{"line":31,"column":32},"end":{"line":31,"column":50}},"11":{"start":{"line":33,"column":4},"end":{"line":33,"column":25}},"12":{"start":{"line":35,"column":4},"end":{"line":47,"column":19}},"13":{"start":{"line":44,"column":46},"end":{"line":44,"column":111}}},"fnMap":{"0":{"name":"(anonymous_0)","decl":{"start":{"line":8,"column":17},"end":{"line":8,"column":18}},"loc":{"start":{"line":8,"column":28},"end":{"line":25,"column":1}},"line":8},"1":{"name":"clickHandler","decl":{"start":{"line":14,"column":13},"end":{"line":14,"column":25}},"loc":{"start":{"line":14,"column":32},"end":{"line":16,"column":5}},"line":14},"2":{"name":"(anonymous_2)","decl":{"start":{"line":21,"column":28},"end":{"line":21,"column":29}},"loc":{"start":{"line":21,"column":35},"end":{"line":21,"column":338}},"line":21},"3":{"name":"(anonymous_3)","decl":{"start":{"line":21,"column":281},"end":{"line":21,"column":282}},"loc":{"start":{"line":21,"column":287},"end":{"line":21,"column":312}},"line":21},"4":{"name":"(anonymous_4)","decl":{"start":{"line":27,"column":22},"end":{"line":27,"column":23}},"loc":{"start":{"line":27,"column":28},"end":{"line":48,"column":1}},"line":27},"5":{"name":"(anonymous_5)","decl":{"start":{"line":44,"column":31},"end":{"line":44,"column":32}},"loc":{"start":{"line":44,"column":46},"end":{"line":44,"column":111}},"line":44}},"branchMap":{"0":{"loc":{"start":{"line":20,"column":13},"end":{"line":20,"column":82}},"type":"cond-expr","locations":[{"start":{"line":20,"column":27},"end":{"line":20,"column":75}},{"start":{"line":20,"column":78},"end":{"line":20,"column":82}}],"line":20},"1":{"loc":{"start":{"line":21,"column":95},"end":{"line":21,"column":171}},"type":"cond-expr","locations":[{"start":{"line":21,"column":115},"end":{"line":21,"column":138}},{"start":{"line":21,"column":141},"end":{"line":21,"column":171}}],"line":21},"2":{"loc":{"start":{"line":35,"column":11},"end":{"line":47,"column":19}},"type":"cond-expr","locations":[{"start":{"line":36,"column":8},"end":{"line":46,"column":14}},{"start":{"line":47,"column":8},"end":{"line":47,"column":19}}],"line":35}},"s":{"0":1,"1":10,"2":10,"3":10,"4":1,"5":10,"6":31,"7":1,"8":1,"9":2,"10":2,"11":2,"12":2,"13":10},"f":{"0":10,"1":1,"2":31,"3":1,"4":2,"5":10},"b":{"0":[2,8],"1":[19,12],"2":[1,1]},"_coverageSchema":"1a1c01bbd47fc00a2c39e90264f33305004495a9","hash":"815dce34a8024cf6f20f16dc1399804e9c659c8d"}
,"D:\\namaste react\\Jo dhikta hai vo bikta hai\\src\\components\\Shimmer.js": {"path":"D:\\namaste react\\Jo dhikta hai vo bikta hai\\src\\components\\Shimmer.js","statementMap":{"0":{"start":{"line":1,"column":19},"end":{"line":5,"column":1}},"1":{"start":{"line":2,"column":4},"end":{"line":4,"column":5}},"2":{"start":{"line":7,"column":16},"end":{"line":13,"column":1}},"3":{"start":{"line":8,"column":4},"end":{"line":12,"column":5}},"4":{"start":{"line":10,"column":48},"end":{"line":10,"column":72}}},"fnMap":{"0":{"name":"(anonymous_0)","decl":{"start":{"line":1,"column":19},"end":{"line":1,"column":20}},"loc":{"start":{"line":1,"column":25},"end":{"line":5,"column":1}},"line":1},"1":{"name":"(anonymous_1)","decl":{"start":{"line":7,"column":16},"end":{"line":7,"column":17}},"loc":{"start":{"line":7,"column":22},"end":{"line":13,"column":1}},"line":7},"2":{"name":"(anonymous_2)","decl":{"start":{"line":10,"column":36},"end":{"line":10,"column":37}},"loc":{"start":{"line":10,"column":48},"end":{"line":10,"column":72}},"line":10}},"branchMap":{},"s":{"0":2,"1":60,"2":2,"3":4,"4":60},"f":{"0":60,"1":4,"2":60},"b":{},"_coverageSchema":"1a1c01bbd47fc00a2c39e90264f33305004495a9","hash":"5c355cd0e081404967c684269b0e1e405248b366"}
,"D:\\namaste react\\Jo dhikta hai vo bikta hai\\src\\components\\sum.js": {"path":"D:\\namaste react\\Jo dhikta hai vo bikta hai\\src\\components\\sum.js","statementMap":{"0":{"start":{"line":1,"column":19},"end":{"line":3,"column":1}},"1":{"start":{"line":2,"column":4},"end":{"line":2,"column":16}}},"fnMap":{"0":{"name":"(anonymous_0)","decl":{"start":{"line":1,"column":19},"end":{"line":1,"column":20}},"loc":{"start":{"line":1,"column":29},"end":{"line":3,"column":1}},"line":1}},"branchMap":{},"s":{"0":1,"1":1},"f":{"0":1},"b":{},"_coverageSchema":"1a1c01bbd47fc00a2c39e90264f33305004495a9","hash":"9289c4ffc602cafffee30a25ad09ee0ab38b7c82"}
,"D:\\namaste react\\Jo dhikta hai vo bikta hai\\utils\\UserContext.js": {"path":"D:\\namaste react\\Jo dhikta hai vo bikta hai\\utils\\UserContext.js","statementMap":{"0":{"start":{"line":1,"column":26},"end":{"line":1,"column":42}},"1":{"start":{"line":3,"column":20},"end":{"line":8,"column":2}},"2":{"start":{"line":10,"column":0},"end":{"line":10,"column":37}}},"fnMap":{},"branchMap":{},"s":{"0":3,"1":3,"2":3},"f":{},"b":{},"_coverageSchema":"1a1c01bbd47fc00a2c39e90264f33305004495a9","hash":"3f2dbadc6c35e7ef151c070387a638647c720684"}
,"D:\\namaste react\\Jo dhikta hai vo bikta hai\\utils\\cartSlice.js": {"path":"D:\\namaste react\\Jo dhikta hai vo bikta hai\\utils\\cartSlice.js","statementMap":{"0":{"start":{"line":4,"column":18},"end":{"line":21,"column":2}},"1":{"start":{"line":11,"column":12},"end":{"line":11,"column":44}},"2":{"start":{"line":14,"column":12},"end":{"line":14,"column":28}},"3":{"start":{"line":17,"column":23},"end":{"line":17,"column":37}},"4":{"start":{"line":18,"column":12},"end":{"line":18,"column":75}},"5":{"start":{"line":18,"column":55},"end":{"line":18,"column":74}},"6":{"start":{"line":24,"column":52},"end":{"line":24,"column":69}}},"fnMap":{"0":{"name":"(anonymous_0)","decl":{"start":{"line":10,"column":18},"end":{"line":10,"column":19}},"loc":{"start":{"line":10,"column":37},"end":{"line":12,"column":9}},"line":10},"1":{"name":"(anonymous_1)","decl":{"start":{"line":13,"column":20},"end":{"line":13,"column":21}},"loc":{"start":{"line":13,"column":39},"end":{"line":15,"column":9}},"line":13},"2":{"name":"(anonymous_2)","decl":{"start":{"line":16,"column":20},"end":{"line":16,"column":21}},"loc":{"start":{"line":16,"column":39},"end":{"line":19,"column":9}},"line":16},"3":{"name":"(anonymous_3)","decl":{"start":{"line":18,"column":45},"end":{"line":18,"column":46}},"loc":{"start":{"line":18,"column":55},"end":{"line":18,"column":74}},"line":18}},"branchMap":{},"s":{"0":2,"1":1,"2":0,"3":0,"4":0,"5":0,"6":2},"f":{"0":1,"1":0,"2":0,"3":0},"b":{},"_coverageSchema":"1a1c01bbd47fc00a2c39e90264f33305004495a9","hash":"4f93ef14a81f7b9f919c7492ce2daeebef116f32"}
,"D:\\namaste react\\Jo dhikta hai vo bikta hai\\utils\\constants.js": {"path":"D:\\namaste react\\Jo dhikta hai vo bikta hai\\utils\\constants.js","statementMap":{"0":{"start":{"line":1,"column":23},"end":{"line":1,"column":124}},"1":{"start":{"line":2,"column":22},"end":{"line":2,"column":131}},"2":{"start":{"line":3,"column":30},"end":{"line":3,"column":121}},"3":{"start":{"line":4,"column":27},"end":{"line":4,"column":150}}},"fnMap":{},"branchMap":{},"s":{"0":3,"1":3,"2":3,"3":3},"f":{},"b":{},"_coverageSchema":"1a1c01bbd47fc00a2c39e90264f33305004495a9","hash":"b3f49096b5a2cdca6fd1c9667d04028569cfa66c"}
,"D:\\namaste react\\Jo dhikta hai vo bikta hai\\utils\\helper.js": {"path":"D:\\namaste react\\Jo dhikta hai vo bikta hai\\utils\\helper.js","statementMap":{"0":{"start":{"line":1,"column":29},"end":{"line":4,"column":1}},"1":{"start":{"line":2,"column":24},"end":{"line":2,"column":110}},"2":{"start":{"line":2,"column":47},"end":{"line":2,"column":109}},"3":{"start":{"line":3,"column":4},"end":{"line":3,"column":25}},"4":{"start":{"line":6,"column":31},"end":{"line":9,"column":1}},"5":{"start":{"line":7,"column":24},"end":{"line":7,"column":133}},"6":{"start":{"line":7,"column":47},"end":{"line":7,"column":76}},"7":{"start":{"line":7,"column":93},"end":{"line":7,"column":132}},"8":{"start":{"line":8,"column":4},"end":{"line":8,"column":25}}},"fnMap":{"0":{"name":"(anonymous_0)","decl":{"start":{"line":1,"column":29},"end":{"line":1,"column":30}},"loc":{"start":{"line":1,"column":55},"end":{"line":4,"column":1}},"line":1},"1":{"name":"(anonymous_1)","decl":{"start":{"line":2,"column":36},"end":{"line":2,"column":37}},"loc":{"start":{"line":2,"column":47},"end":{"line":2,"column":109}},"line":2},"2":{"name":"(anonymous_2)","decl":{"start":{"line":6,"column":31},"end":{"line":6,"column":32}},"loc":{"start":{"line":6,"column":51},"end":{"line":9,"column":1}},"line":6},"3":{"name":"(anonymous_3)","decl":{"start":{"line":7,"column":36},"end":{"line":7,"column":37}},"loc":{"start":{"line":7,"column":47},"end":{"line":7,"column":76}},"line":7},"4":{"name":"(anonymous_4)","decl":{"start":{"line":7,"column":83},"end":{"line":7,"column":84}},"loc":{"start":{"line":7,"column":93},"end":{"line":7,"column":132}},"line":7}},"branchMap":{},"s":{"0":1,"1":1,"2":15,"3":1,"4":1,"5":0,"6":0,"7":0,"8":0},"f":{"0":1,"1":15,"2":0,"3":0,"4":0},"b":{},"_coverageSchema":"1a1c01bbd47fc00a2c39e90264f33305004495a9","hash":"47832242e02dc6833b29bf92e5941fe271afbc0c"}
,"D:\\namaste react\\Jo dhikta hai vo bikta hai\\utils\\reduxStore.js": {"path":"D:\\namaste react\\Jo dhikta hai vo bikta hai\\utils\\reduxStore.js","statementMap":{"0":{"start":{"line":5,"column":14},"end":{"line":9,"column":2}}},"fnMap":{},"branchMap":{},"s":{"0":2},"f":{},"b":{},"_coverageSchema":"1a1c01bbd47fc00a2c39e90264f33305004495a9","hash":"b483878a8dd8a4bed7ca321151cf57efe96162ae"}
,"D:\\namaste react\\Jo dhikta hai vo bikta hai\\utils\\useIsOnline.js": {"path":"D:\\namaste react\\Jo dhikta hai vo bikta hai\\utils\\useIsOnline.js","statementMap":{"0":{"start":{"line":3,"column":20},"end":{"line":28,"column":1}},"1":{"start":{"line":5,"column":36},"end":{"line":5,"column":50}},"2":{"start":{"line":7,"column":21},"end":{"line":9,"column":5}},"3":{"start":{"line":8,"column":8},"end":{"line":8,"column":25}},"4":{"start":{"line":11,"column":22},"end":{"line":13,"column":5}},"5":{"start":{"line":12,"column":8},"end":{"line":12,"column":26}},"6":{"start":{"line":15,"column":4},"end":{"line":25,"column":10}},"7":{"start":{"line":16,"column":8},"end":{"line":16,"column":51}},"8":{"start":{"line":18,"column":8},"end":{"line":18,"column":53}},"9":{"start":{"line":20,"column":8},"end":{"line":23,"column":10}},"10":{"start":{"line":21,"column":12},"end":{"line":21,"column":58}},"11":{"start":{"line":22,"column":12},"end":{"line":22,"column":60}},"12":{"start":{"line":27,"column":4},"end":{"line":27,"column":19}}},"fnMap":{"0":{"name":"(anonymous_0)","decl":{"start":{"line":3,"column":20},"end":{"line":3,"column":21}},"loc":{"start":{"line":3,"column":26},"end":{"line":28,"column":1}},"line":3},"1":{"name":"(anonymous_1)","decl":{"start":{"line":7,"column":21},"end":{"line":7,"column":22}},"loc":{"start":{"line":7,"column":27},"end":{"line":9,"column":5}},"line":7},"2":{"name":"(anonymous_2)","decl":{"start":{"line":11,"column":22},"end":{"line":11,"column":23}},"loc":{"start":{"line":11,"column":28},"end":{"line":13,"column":5}},"line":11},"3":{"name":"(anonymous_3)","decl":{"start":{"line":15,"column":14},"end":{"line":15,"column":15}},"loc":{"start":{"line":15,"column":20},"end":{"line":25,"column":5}},"line":15},"4":{"name":"(anonymous_4)","decl":{"start":{"line":20,"column":16},"end":{"line":20,"column":17}},"loc":{"start":{"line":20,"column":22},"end":{"line":23,"column":9}},"line":20}},"branchMap":{},"s":{"0":2,"1":5,"2":5,"3":0,"4":5,"5":0,"6":5,"7":4,"8":4,"9":4,"10":4,"11":4,"12":5},"f":{"0":5,"1":0,"2":0,"3":4,"4":4},"b":{},"_coverageSchema":"1a1c01bbd47fc00a2c39e90264f33305004495a9","hash":"02bb15bdc9f949fd495cb2b7a045311e9ad72c55"}
,"D:\\namaste react\\Jo dhikta hai vo bikta hai\\utils\\useResData.js": {"path":"D:\\namaste react\\Jo dhikta hai vo bikta hai\\utils\\useResData.js","statementMap":{"0":{"start":{"line":5,"column":19},"end":{"line":22,"column":1}},"1":{"start":{"line":7,"column":28},"end":{"line":7,"column":40}},"2":{"start":{"line":8,"column":33},"end":{"line":8,"column":45}},"3":{"start":{"line":10,"column":4},"end":{"line":12,"column":10}},"4":{"start":{"line":11,"column":8},"end":{"line":11,"column":17}},"5":{"start":{"line":15,"column":21},"end":{"line":15,"column":42}},"6":{"start":{"line":16,"column":21},"end":{"line":16,"column":39}},"7":{"start":{"line":17,"column":8},"end":{"line":17,"column":56}},"8":{"start":{"line":18,"column":8},"end":{"line":18,"column":60}},"9":{"start":{"line":21,"column":4},"end":{"line":21,"column":37}}},"fnMap":{"0":{"name":"(anonymous_0)","decl":{"start":{"line":5,"column":19},"end":{"line":5,"column":20}},"loc":{"start":{"line":5,"column":25},"end":{"line":22,"column":1}},"line":5},"1":{"name":"(anonymous_1)","decl":{"start":{"line":10,"column":14},"end":{"line":10,"column":15}},"loc":{"start":{"line":10,"column":20},"end":{"line":12,"column":5}},"line":10},"2":{"name":"getData","decl":{"start":{"line":14,"column":19},"end":{"line":14,"column":26}},"loc":{"start":{"line":14,"column":29},"end":{"line":19,"column":5}},"line":14}},"branchMap":{},"s":{"0":1,"1":7,"2":7,"3":7,"4":3,"5":3,"6":3,"7":3,"8":3,"9":7},"f":{"0":7,"1":3,"2":3},"b":{},"_coverageSchema":"1a1c01bbd47fc00a2c39e90264f33305004495a9","hash":"d880375c70c105e50af4b327c78e5e8bcf4b6466"}
,"D:\\namaste react\\Jo dhikta hai vo bikta hai\\utils\\useResMenuData.js": {"path":"D:\\namaste react\\Jo dhikta hai vo bikta hai\\utils\\useResMenuData.js","statementMap":{"0":{"start":{"line":5,"column":23},"end":{"line":22,"column":1}},"1":{"start":{"line":7,"column":36},"end":{"line":7,"column":48}},"2":{"start":{"line":8,"column":33},"end":{"line":8,"column":45}},"3":{"start":{"line":10,"column":4},"end":{"line":12,"column":10}},"4":{"start":{"line":11,"column":8},"end":{"line":11,"column":24}},"5":{"start":{"line":15,"column":21},"end":{"line":15,"column":52}},"6":{"start":{"line":16,"column":21},"end":{"line":16,"column":38}},"7":{"start":{"line":17,"column":8},"end":{"line":17,"column":58}},"8":{"start":{"line":18,"column":8},"end":{"line":18,"column":97}},"9":{"start":{"line":21,"column":4},"end":{"line":21,"column":29}}},"fnMap":{"0":{"name":"(anonymous_0)","decl":{"start":{"line":5,"column":23},"end":{"line":5,"column":24}},"loc":{"start":{"line":5,"column":31},"end":{"line":22,"column":1}},"line":5},"1":{"name":"(anonymous_1)","decl":{"start":{"line":10,"column":14},"end":{"line":10,"column":15}},"loc":{"start":{"line":10,"column":20},"end":{"line":12,"column":5}},"line":10},"2":{"name":"getResMenuData","decl":{"start":{"line":14,"column":19},"end":{"line":14,"column":33}},"loc":{"start":{"line":14,"column":36},"end":{"line":19,"column":5}},"line":14}},"branchMap":{},"s":{"0":1,"1":2,"2":2,"3":2,"4":1,"5":1,"6":1,"7":1,"8":1,"9":2},"f":{"0":2,"1":1,"2":1},"b":{},"_coverageSchema":"1a1c01bbd47fc00a2c39e90264f33305004495a9","hash":"e79e6bf4b736f4fb3b1c9247f65001e58b41a8af"}
}
