TN:
SF:mocks\dummyResData.js
FNF:0
FNH:0
DA:1,1
LF:1
LH:1
BRF:0
BRH:0
end_of_record
TN:
SF:mocks\dummyResMenu.js
FNF:0
FNH:0
DA:1,1
LF:1
LH:1
BRF:0
BRH:0
end_of_record
TN:
SF:src\components\Body.js
FN:11,(anonymous_0)
FN:23,(anonymous_1)
FN:24,(anonymous_2)
FN:27,(anonymous_3)
FN:30,(anonymous_4)
FN:36,(anonymous_5)
FNF:6
FNH:4
FNDA:8,(anonymous_0)
FNDA:1,(anonymous_1)
FNDA:1,(anonymous_2)
FNDA:0,(anonymous_3)
FNDA:0,(anonymous_4)
FNDA:47,(anonymous_5)
DA:11,1
DA:13,8
DA:15,7
DA:17,7
DA:19,7
DA:23,1
DA:24,1
DA:27,0
DA:30,0
DA:36,47
LF:10
LH:8
BRDA:34,0,0,4
BRDA:34,0,1,3
BRDA:34,1,0,4
BRDA:34,1,1,0
BRF:4
BRH:3
end_of_record
TN:
SF:src\components\Header.js
FN:9,(anonymous_0)
FN:15,(anonymous_1)
FNF:2
FNH:2
FNDA:5,(anonymous_0)
FNDA:6,(anonymous_1)
DA:9,2
DA:11,5
DA:13,5
DA:15,6
DA:17,5
LF:5
LH:5
BRDA:31,0,0,5
BRDA:31,0,1,0
BRF:2
BRH:1
end_of_record
TN:
SF:src\components\NoRes.js
FN:1,(anonymous_0)
FNF:1
FNH:0
FNDA:0,(anonymous_0)
DA:1,1
DA:2,0
LF:2
LH:1
BRF:0
BRH:0
end_of_record
TN:
SF:src\components\ResCard.js
FN:3,(anonymous_0)
FNF:1
FNH:1
FNDA:47,(anonymous_0)
DA:3,1
DA:4,47
DA:5,47
DA:6,47
LF:4
LH:4
BRF:0
BRH:0
end_of_record
TN:
SF:src\components\ResturantMenu.js
FN:8,(anonymous_0)
FN:14,clickHandler
FN:21,(anonymous_2)
FN:21,(anonymous_3)
FN:27,(anonymous_4)
FN:44,(anonymous_5)
FNF:6
FNH:6
FNDA:10,(anonymous_0)
FNDA:1,clickHandler
FNDA:31,(anonymous_2)
FNDA:1,(anonymous_3)
FNDA:2,(anonymous_4)
FNDA:10,(anonymous_5)
DA:8,1
DA:9,10
DA:10,10
DA:12,10
DA:15,1
DA:18,10
DA:21,31
DA:27,1
DA:29,2
DA:31,2
DA:33,2
DA:35,2
DA:44,10
LF:13
LH:13
BRDA:20,0,0,2
BRDA:20,0,1,8
BRDA:21,1,0,19
BRDA:21,1,1,12
BRDA:35,2,0,1
BRDA:35,2,1,1
BRF:6
BRH:6
end_of_record
TN:
SF:src\components\Shimmer.js
FN:1,(anonymous_0)
FN:7,(anonymous_1)
FN:10,(anonymous_2)
FNF:3
FNH:3
FNDA:60,(anonymous_0)
FNDA:4,(anonymous_1)
FNDA:60,(anonymous_2)
DA:1,2
DA:2,60
DA:7,2
DA:8,4
DA:10,60
LF:5
LH:5
BRF:0
BRH:0
end_of_record
TN:
SF:src\components\sum.js
FN:1,(anonymous_0)
FNF:1
FNH:1
FNDA:1,(anonymous_0)
DA:1,1
DA:2,1
LF:2
LH:2
BRF:0
BRH:0
end_of_record
TN:
SF:utils\UserContext.js
FNF:0
FNH:0
DA:1,3
DA:3,3
DA:10,3
LF:3
LH:3
BRF:0
BRH:0
end_of_record
TN:
SF:utils\cartSlice.js
FN:10,(anonymous_0)
FN:13,(anonymous_1)
FN:16,(anonymous_2)
FN:18,(anonymous_3)
FNF:4
FNH:1
FNDA:1,(anonymous_0)
FNDA:0,(anonymous_1)
FNDA:0,(anonymous_2)
FNDA:0,(anonymous_3)
DA:4,2
DA:11,1
DA:14,0
DA:17,0
DA:18,0
DA:24,2
LF:6
LH:3
BRF:0
BRH:0
end_of_record
TN:
SF:utils\constants.js
FNF:0
FNH:0
DA:1,3
DA:2,3
DA:3,3
DA:4,3
LF:4
LH:4
BRF:0
BRH:0
end_of_record
TN:
SF:utils\helper.js
FN:1,(anonymous_0)
FN:2,(anonymous_1)
FN:6,(anonymous_2)
FN:7,(anonymous_3)
FN:7,(anonymous_4)
FNF:5
FNH:2
FNDA:1,(anonymous_0)
FNDA:15,(anonymous_1)
FNDA:0,(anonymous_2)
FNDA:0,(anonymous_3)
FNDA:0,(anonymous_4)
DA:1,1
DA:2,15
DA:3,1
DA:6,1
DA:7,0
DA:8,0
LF:6
LH:4
BRF:0
BRH:0
end_of_record
TN:
SF:utils\reduxStore.js
FNF:0
FNH:0
DA:5,2
LF:1
LH:1
BRF:0
BRH:0
end_of_record
TN:
SF:utils\useIsOnline.js
FN:3,(anonymous_0)
FN:7,(anonymous_1)
FN:11,(anonymous_2)
FN:15,(anonymous_3)
FN:20,(anonymous_4)
FNF:5
FNH:3
FNDA:5,(anonymous_0)
FNDA:0,(anonymous_1)
FNDA:0,(anonymous_2)
FNDA:4,(anonymous_3)
FNDA:4,(anonymous_4)
DA:3,2
DA:5,5
DA:7,5
DA:8,0
DA:11,5
DA:12,0
DA:15,5
DA:16,4
DA:18,4
DA:20,4
DA:21,4
DA:22,4
DA:27,5
LF:13
LH:11
BRF:0
BRH:0
end_of_record
TN:
SF:utils\useResData.js
FN:5,(anonymous_0)
FN:10,(anonymous_1)
FN:14,getData
FNF:3
FNH:3
FNDA:7,(anonymous_0)
FNDA:3,(anonymous_1)
FNDA:3,getData
DA:5,1
DA:7,7
DA:8,7
DA:10,7
DA:11,3
DA:15,3
DA:16,3
DA:17,3
DA:18,3
DA:21,7
LF:10
LH:10
BRF:0
BRH:0
end_of_record
TN:
SF:utils\useResMenuData.js
FN:5,(anonymous_0)
FN:10,(anonymous_1)
FN:14,getResMenuData
FNF:3
FNH:3
FNDA:2,(anonymous_0)
FNDA:1,(anonymous_1)
FNDA:1,getResMenuData
DA:5,1
DA:7,2
DA:8,2
DA:10,2
DA:11,1
DA:15,1
DA:16,1
DA:17,1
DA:18,1
DA:21,2
LF:10
LH:10
BRF:0
BRH:0
end_of_record
